  main.cpp
c:\users\tjrkd\desktop\서강욱\3학년\전공\컴퓨터그래픽스\과제\term project\the-magic-show\sample\sample\particle.h(39): warning C4305: '인수': 'double'에서 'const float'(으)로 잘립니다.
c:\users\tjrkd\desktop\서강욱\3학년\전공\컴퓨터그래픽스\과제\term project\the-magic-show\sample\sample\constraint.h(24): warning C4305: '인수': 'double'에서 'const float'(으)로 잘립니다.
c:\program files (x86)\windows kits\10\include\10.0.16299.0\um\gl\gl.h : warning C4819: 현재 코드 페이지(949)에서 표시할 수 없는 문자가 파일에 들어 있습니다. 데이터가 손실되지 않게 하려면 해당 파일을 유니코드 형식으로 저장하십시오.
c:\users\tjrkd\desktop\서강욱\3학년\전공\컴퓨터그래픽스\과제\term project\the-magic-show\sample\sample\cloth.h(128): warning C4018: '<': signed 또는 unsigned가 일치하지 않습니다.
c:\users\tjrkd\desktop\서강욱\3학년\전공\컴퓨터그래픽스\과제\term project\the-magic-show\sample\sample\cloth.h(134): warning C4018: '<': signed 또는 unsigned가 일치하지 않습니다.
c:\users\tjrkd\desktop\서강욱\3학년\전공\컴퓨터그래픽스\과제\term project\the-magic-show\sample\sample\cloth.h(143): warning C4018: '<': signed 또는 unsigned가 일치하지 않습니다.
c:\users\tjrkd\desktop\서강욱\3학년\전공\컴퓨터그래픽스\과제\term project\the-magic-show\sample\sample\cloth.h(164): warning C4018: '<': signed 또는 unsigned가 일치하지 않습니다.
c:\users\tjrkd\desktop\서강욱\3학년\전공\컴퓨터그래픽스\과제\term project\the-magic-show\sample\sample\cloth.h(170): warning C4018: '<': signed 또는 unsigned가 일치하지 않습니다.
c:\users\tjrkd\desktop\서강욱\3학년\전공\컴퓨터그래픽스\과제\term project\the-magic-show\sample\sample\cloth.h(179): warning C4018: '<': signed 또는 unsigned가 일치하지 않습니다.
c:\users\tjrkd\desktop\서강욱\3학년\전공\컴퓨터그래픽스\과제\term project\the-magic-show\sample\sample\cloth.h(189): warning C4018: '<': signed 또는 unsigned가 일치하지 않습니다.
c:\users\tjrkd\desktop\서강욱\3학년\전공\컴퓨터그래픽스\과제\term project\the-magic-show\sample\sample\cloth.h(199): warning C4018: '<': signed 또는 unsigned가 일치하지 않습니다.
c:\users\tjrkd\desktop\서강욱\3학년\전공\컴퓨터그래픽스\과제\term project\the-magic-show\sample\sample\cloth.h(212): warning C4018: '<': signed 또는 unsigned가 일치하지 않습니다.
c:\users\tjrkd\desktop\서강욱\3학년\전공\컴퓨터그래픽스\과제\term project\the-magic-show\sample\sample\cloth.h(214): warning C4244: '초기화 중': 'double'에서 'float'(으)로 변환하면서 데이터가 손실될 수 있습니다.
c:\users\tjrkd\desktop\서강욱\3학년\전공\컴퓨터그래픽스\과제\term project\the-magic-show\sample\sample\cloth.h(299): warning C4018: '<': signed 또는 unsigned가 일치하지 않습니다.
c:\users\tjrkd\desktop\서강욱\3학년\전공\컴퓨터그래픽스\과제\term project\the-magic-show\sample\sample\cloth.h(301): warning C4018: '<': signed 또는 unsigned가 일치하지 않습니다.
c:\users\tjrkd\desktop\서강욱\3학년\전공\컴퓨터그래픽스\과제\term project\the-magic-show\sample\sample\init.h(15): warning C4838: 'double'에서 'float'(으)로의 변환에는 축소 변환이 필요합니다.
c:\users\tjrkd\desktop\서강욱\3학년\전공\컴퓨터그래픽스\과제\term project\the-magic-show\sample\sample\init.h(15): warning C4305: '초기화 중': 'double'에서 'float'(으)로 잘립니다.
c:\users\tjrkd\desktop\서강욱\3학년\전공\컴퓨터그래픽스\과제\term project\the-magic-show\sample\sample\init.h(16): warning C4838: 'double'에서 'float'(으)로의 변환에는 축소 변환이 필요합니다.
c:\users\tjrkd\desktop\서강욱\3학년\전공\컴퓨터그래픽스\과제\term project\the-magic-show\sample\sample\init.h(16): warning C4305: '초기화 중': 'double'에서 'float'(으)로 잘립니다.
  Sample.vcxproj -> C:\Users\tjrkd\Desktop\서강욱\3학년\전공\컴퓨터그래픽스\과제\Term Project\The-Magic-Show\sample\Debug\Sample.exe
